[27.01.2023 00:09:47 ] [INFO] [main] [<module>: 8] => Start
[27.01.2023 00:10:00 ] [INFO] [user_interface] [ls_menu: 22] => The user has selected item number 1
[27.01.2023 00:10:05 ] [INFO] [user_interface] [ls_menu: 22] => The user has selected item number 1
[27.01.2023 00:10:09 ] [INFO] [user_interface] [ls_menu: 44] => The user has selected item number 5
[27.01.2023 00:10:18 ] [INFO] [user_interface] [ls_menu: 46] => User entered: {name}
[27.01.2023 00:10:26 ] [INFO] [user_interface] [ls_menu: 48] => User entered: {surname}
[27.01.2023 00:10:35 ] [INFO] [user_interface] [ls_menu: 50] => User entered: {number}
[27.01.2023 00:11:05 ] [INFO] [user_interface] [ls_menu: 52] => User entered: {email}
[27.01.2023 00:11:31 ] [INFO] [user_interface] [ls_menu: 22] => The user has selected item number 1
[27.01.2023 00:21:19 ] [INFO] [user_interface] [ñhecking_the_number: 156] => User entered an invalid menu value: {arg}
[27.01.2023 00:23:01 ] [INFO] [user_interface] [ñhecking_the_number: 156] => User entered an invalid menu value: {arg}
[27.01.2023 00:23:08 ] [INFO] [user_interface] [ñhecking_the_number: 156] => User entered an invalid menu value: {arg}
[27.01.2023 00:23:20 ] [INFO] [user_interface] [ñhecking_the_number: 156] => User entered an invalid menu value: {arg}
[27.01.2023 00:23:36 ] [INFO] [main] [<module>: 8] => Start
[27.01.2023 00:23:40 ] [INFO] [user_interface] [ls_menu: 22] => The user has selected item number 1
[27.01.2023 00:23:47 ] [INFO] [user_interface] [ls_menu: 32] => The user has selected item number 3
[27.01.2023 00:23:53 ] [INFO] [user_interface] [ls_menu: 34] => User entered: {search}
[27.01.2023 00:24:05 ] [INFO] [user_interface] [ls_menu: 56] => The user has selected item number 6
[27.01.2023 00:24:07 ] [INFO] [user_interface] [ls_menu: 63] => The user has selected item number 6.1
[27.01.2023 00:24:15 ] [INFO] [user_interface] [ls_menu: 65] => User entered: {search}
[27.01.2023 00:24:21 ] [INFO] [user_interface] [ls_menu: 68] => User entered: {user_id}
[27.01.2023 00:35:11 ] [INFO] [user_interface] [ls_menu: 70] => User entered: {new_number}
[27.01.2023 00:35:15 ] [INFO] [user_interface] [ls_menu: 141] => End
[27.01.2023 00:35:23 ] [INFO] [main] [<module>: 8] => Start
[27.01.2023 00:35:33 ] [INFO] [user_interface] [ls_menu: 101] => The user has selected item number 7
[27.01.2023 00:35:35 ] [INFO] [user_interface] [ls_menu: 108] => The user has selected item number 7.1
[27.01.2023 00:35:45 ] [INFO] [user_interface] [ls_menu: 110] => User entered: {search}
[27.01.2023 00:35:52 ] [INFO] [user_interface] [ls_menu: 113] => User entered: {user_id}
[27.01.2023 00:36:01 ] [INFO] [user_interface] [ls_menu: 22] => The user has selected item number 1
[27.01.2023 00:36:49 ] [INFO] [user_interface] [ls_menu: 44] => The user has selected item number 5
[27.01.2023 00:37:04 ] [INFO] [user_interface] [ls_menu: 46] => User entered: {name}
[27.01.2023 00:37:06 ] [INFO] [user_interface] [ls_menu: 48] => User entered: {surname}
[27.01.2023 00:37:14 ] [INFO] [user_interface] [ls_menu: 50] => User entered: {number}
[27.01.2023 00:37:33 ] [INFO] [user_interface] [ls_menu: 52] => User entered: {email}
[27.01.2023 00:37:35 ] [INFO] [user_interface] [ls_menu: 22] => The user has selected item number 1
[27.01.2023 00:37:39 ] [INFO] [user_interface] [ls_menu: 26] => The user has selected item number 2
[27.01.2023 00:37:44 ] [INFO] [user_interface] [ls_menu: 28] => User entered: {search}
[27.01.2023 00:37:54 ] [INFO] [user_interface] [ls_menu: 32] => The user has selected item number 3
[27.01.2023 00:37:57 ] [INFO] [user_interface] [ls_menu: 34] => User entered: {search}
[27.01.2023 00:38:14 ] [INFO] [user_interface] [ls_menu: 38] => The user has selected item number 4
[27.01.2023 00:38:17 ] [INFO] [user_interface] [ls_menu: 40] => User entered: {search}
[27.01.2023 00:38:33 ] [INFO] [user_interface] [ls_menu: 101] => The user has selected item number 7
[27.01.2023 00:38:54 ] [INFO] [user_interface] [ls_menu: 108] => The user has selected item number 7.1
[27.01.2023 00:38:57 ] [INFO] [user_interface] [ls_menu: 110] => User entered: {search}
[27.01.2023 00:39:15 ] [INFO] [user_interface] [ls_menu: 113] => User entered: {user_id}
[27.01.2023 00:39:37 ] [INFO] [user_interface] [ls_menu: 44] => The user has selected item number 5
[27.01.2023 00:39:46 ] [INFO] [user_interface] [ls_menu: 46] => User entered: {name}
[27.01.2023 00:39:53 ] [INFO] [user_interface] [ls_menu: 48] => User entered: {surname}
[27.01.2023 00:39:56 ] [INFO] [user_interface] [ls_menu: 50] => User entered: {number}
[27.01.2023 00:40:08 ] [INFO] [user_interface] [ls_menu: 52] => User entered: {email}
[27.01.2023 00:40:11 ] [INFO] [user_interface] [ls_menu: 56] => The user has selected item number 6
[27.01.2023 00:40:16 ] [INFO] [user_interface] [ls_menu: 63] => The user has selected item number 6.1
[27.01.2023 00:40:22 ] [INFO] [user_interface] [ls_menu: 65] => User entered: {search}
[27.01.2023 00:40:26 ] [INFO] [user_interface] [ls_menu: 68] => User entered: {user_id}
[27.01.2023 00:40:45 ] [INFO] [user_interface] [ls_menu: 70] => User entered: {new_number}
[27.01.2023 00:41:41 ] [INFO] [user_interface] [ls_menu: 141] => End
[27.01.2023 18:57:43 ] [INFO] [main] [<module>: 8] => Start
[27.01.2023 18:57:46 ] [INFO] [user_interface] [ls_menu: 22] => The user has selected item number 1
[27.01.2023 18:57:49 ] [INFO] [user_interface] [ls_menu: 22] => The user has selected item number 1
[27.01.2023 18:58:44 ] [INFO] [user_interface] [ñhecking_the_number: 156] => User entered an invalid menu value: {arg}
[27.01.2023 18:59:01 ] [INFO] [user_interface] [ls_menu: 22] => The user has selected item number 1
[27.01.2023 18:59:04 ] [INFO] [user_interface] [ls_menu: 26] => The user has selected item number 2
[27.01.2023 18:59:21 ] [INFO] [user_interface] [ls_menu: 28] => User entered: {search}
[27.01.2023 18:59:34 ] [INFO] [user_interface] [ls_menu: 32] => The user has selected item number 3
[27.01.2023 18:59:39 ] [INFO] [user_interface] [ls_menu: 34] => User entered: {search}
[27.01.2023 19:07:48 ] [INFO] [user_interface] [ñhecking_the_number: 156] => User entered an invalid menu value: {arg}
[27.01.2023 19:08:06 ] [INFO] [user_interface] [ls_menu: 44] => The user has selected item number 5
[27.01.2023 19:08:17 ] [INFO] [user_interface] [ls_menu: 46] => User entered: {name}
[27.01.2023 19:08:42 ] [INFO] [user_interface] [ls_menu: 48] => User entered: {surname}
[27.01.2023 19:08:45 ] [INFO] [user_interface] [ls_menu: 50] => User entered: {number}
[27.01.2023 19:09:06 ] [INFO] [user_interface] [ls_menu: 52] => User entered: {email}
[27.01.2023 19:09:13 ] [INFO] [user_interface] [ls_menu: 22] => The user has selected item number 1
[27.01.2023 19:10:47 ] [INFO] [user_interface] [ñhecking_the_number: 156] => User entered an invalid menu value: {arg}
[27.01.2023 19:11:10 ] [INFO] [user_interface] [ls_menu: 22] => The user has selected item number 1
[27.01.2023 19:11:19 ] [INFO] [user_interface] [ñhecking_the_number: 156] => User entered an invalid menu value: {arg}
[27.01.2023 19:12:20 ] [INFO] [user_interface] [ls_menu: 141] => End
[27.01.2023 19:12:52 ] [INFO] [main] [<module>: 8] => Start
[27.01.2023 19:12:59 ] [INFO] [user_interface] [ls_menu: 22] => The user has selected item number 1
